#
# A fatal error has been detected by the Java Runtime Environment:
#
#  SIGSEGV (0xb) at pc=0x000000010fee1824, pid=1325, tid=15367
#
# JRE version: Java(TM) SE Runtime Environment (7.0_80-b15) (build 1.7.0_80-b15)
# Java VM: Java HotSpot(TM) 64-Bit Server VM (24.80-b11 mixed mode bsd-amd64 compressed oops)
# Problematic frame:
# V  [libjvm.dylib+0x2b3824]  java_lang_String::length(oopDesc*)+0x54
#
# Failed to write core dump. Core dumps have been disabled. To enable core dumping, try "ulimit -c unlimited" before starting Java again
#
# If you would like to submit a bug report, please visit:
#   http://bugreport.java.com/bugreport/crash.jsp
#

---------------  T H R E A D  ---------------

Current thread (0x00007fecc580f800):  JavaThread "JDWP Transport Listener: dt_socket" daemon [_thread_in_vm, id=15367, stack(0x0000700009a5a000,0x0000700009b5a000)]

siginfo:si_signo=SIGSEGV: si_errno=0, si_code=1 (SEGV_MAPERR), si_addr=0x000000000000000c

Registers:
RAX=0x0000000000000000, RBX=0x00000007ab13f6c8, RCX=0x000000000000000c, RDX=0x0000000000000000
RSP=0x0000700009b59a10, RBP=0x0000700009b59a10, RSI=0x00007fecc420f138, RDI=0x00000007ab13f6c8
R8 =0x3400000000000000, R9 =0x0000000000000018, R10=0x00000000ffffffe0, R11=0xfffff01345b445c0
R12=0x00007fecc580f800, R13=0x00007fecc4015c00, R14=0x0000000000000000, R15=0x0000000000000000
RIP=0x000000010fee1824, EFLAGS=0x0000000000010202, ERR=0x0000000000000004
  TRAPNO=0x000000000000000e

Top of Stack: (sp=0x0000700009b59a10)
0x0000700009b59a10:   0000700009b59a40 000000010ff11414
0x0000700009b59a20:   0000000000000000 0000000000000000
0x0000700009b59a30:   00000007ab13f6c8 00007fecc580f9e8
0x0000700009b59a40:   0000700009b59ab0 000000010ff38b92
0x0000700009b59a50:   00007fecc580f800 00007fecc580f800
0x0000700009b59a60:   0000000000000000 0000000000000000
0x0000700009b59a70:   00007fecc580f9e8 00007fecc580f800
0x0000700009b59a80:   00007fecc580f800 0000700009b59b08
0x0000700009b59a90:   00007fecc420f138 00007fecc4015c00
0x0000700009b59aa0:   0000700009b59c90 00007fecc580f9e8
0x0000700009b59ab0:   0000700009b59ae0 00000001106d84be
0x0000700009b59ac0:   0000700009b59c90 00000001106f8dc2
0x0000700009b59ad0:   0000700009b59b08 0000000110704588
0x0000700009b59ae0:   0000700009b59d00 00000001106df642
0x0000700009b59af0:   00007fbc00000013 0000000000010a00
0x0000700009b59b00:   00007fecc40154b0 0000700009b59b58
0x0000700009b59b10:   000000000000012c 0000700009b59b20
0x0000700009b59b20:   0000040000000000 0000700009b59b58
0x0000700009b59b30:   0000000000000000 00007f0000000000
0x0000700009b59b40:   00007fbc00000018 00007fec00009c80
0x0000700009b59b50:   0000700009b59b58 0000005b01000000
0x0000700009b59b60:   0900003500000000 0000000002000000
0x0000700009b59b70:   e101000000000000 0900000000000000
0x0000700009b59b80:   00000101e2010000 00000f0000000000
0x0000700009b59b90:   fffff88f61c2ec7f 0000ffffffffffff
0x0000700009b59ba0:   000102005c000000 000e000000000000
0x0000700009b59bb0:   00188361c2ec7f00 0040000000000000
0x0000700009b59bc0:   0103005c00000000 0e00000000000000
0x0000700009b59bd0:   108361c2ec7f0000 1700000000000000
0x0000700009b59be0:   04005c0000000000 0000000000000001
0x0000700009b59bf0:   1d20c4ec7f00000e 0000000000000068
0x0000700009b59c00:   005c00000000004e 0000000000000105 

Instructions: (pc=0x000000010fee1824)
0x000000010fee1804:   eb 16 48 8d 35 33 b1 4c 00 8a 4e 08 48 d3 e2 48
0x000000010fee1814:   03 16 eb 04 48 8b 14 0f 84 c0 0f 94 c0 0f b6 c0
0x000000010fee1824:   8b 44 82 0c 5d c3 8b 04 07 5d c3 90 55 48 89 e5
0x000000010fee1834:   f6 87 8d 00 00 00 02 75 04 31 ff eb 23 48 63 87 

Register to memory mapping:

RAX=0x0000000000000000 is an unknown value
RBX=0x00000007ab13f6c8 is an oop
java.lang.String 
 - klass: 'java/lang/String'
RCX=0x000000000000000c is an unknown value
RDX=0x0000000000000000 is an unknown value
RSP=0x0000700009b59a10 is pointing into the stack for thread: 0x00007fecc580f800
RBP=0x0000700009b59a10 is pointing into the stack for thread: 0x00007fecc580f800
RSI=0x00007fecc420f138 is a global jni handle
RDI=0x00000007ab13f6c8 is an oop
java.lang.String 
 - klass: 'java/lang/String'
R8 =0x3400000000000000 is an unknown value
R9 =0x0000000000000018 is an unknown value
R10=0x00000000ffffffe0 is an unknown value
R11=0xfffff01345b445c0 is an unknown value
R12=0x00007fecc580f800 is a thread
R13=0x00007fecc4015c00 is an unknown value
R14=0x0000000000000000 is an unknown value
R15=0x0000000000000000 is an unknown value


Stack: [0x0000700009a5a000,0x0000700009b5a000],  sp=0x0000700009b59a10,  free space=1022k
Native frames: (J=compiled Java code, j=interpreted, Vv=VM code, C=native code)
V  [libjvm.dylib+0x2b3824]  java_lang_String::length(oopDesc*)+0x54
V  [libjvm.dylib+0x2e3414]  java_lang_String::utf8_length(oopDesc*)+0x38
V  [libjvm.dylib+0x30ab92]  jni_GetStringUTFChars+0x71
C  [libjdwp.dylib+0x74be]  value+0x96
C  [libjdwp.dylib+0xe642]  debugLoop_run+0x1ce
C  [libjdwp.dylib+0x1f0e2]  attachThread+0x4d
V  [libjvm.dylib+0x37a08e]  JvmtiAgentThread::call_start_function()+0x38
V  [libjvm.dylib+0x4f8341]  JavaThread::thread_main_inner()+0x9b
V  [libjvm.dylib+0x4f9a49]  JavaThread::run()+0x1a3
V  [libjvm.dylib+0x422b92]  java_start(Thread*)+0x126
C  [libsystem_pthread.dylib+0x3661]  _pthread_body+0x154
C  [libsystem_pthread.dylib+0x350d]  _pthread_body+0x0
C  [libsystem_pthread.dylib+0x2bf9]  thread_start+0xd


---------------  P R O C E S S  ---------------

Java Threads: ( => current thread )
  0x00007fecc583c000 JavaThread "Service Thread" daemon [_thread_blocked, id=22019, stack(0x0000700009f69000,0x000070000a069000)]
  0x00007fecc3009800 JavaThread "C2 CompilerThread1" daemon [_thread_blocked, id=43267, stack(0x0000700009e66000,0x0000700009f66000)]
  0x00007fecc2817800 JavaThread "C2 CompilerThread0" daemon [_thread_blocked, id=15875, stack(0x0000700009d63000,0x0000700009e63000)]
  0x00007fecc2818800 JavaThread "JDWP Command Reader" daemon [_thread_in_native, id=16387, stack(0x0000700009c60000,0x0000700009d60000)]
  0x00007fecc5800000 JavaThread "JDWP Event Helper Thread" daemon [_thread_blocked, id=16643, stack(0x0000700009b5d000,0x0000700009c5d000)]
=>0x00007fecc580f800 JavaThread "JDWP Transport Listener: dt_socket" daemon [_thread_in_vm, id=15367, stack(0x0000700009a5a000,0x0000700009b5a000)]
  0x00007fecc501b000 JavaThread "Signal Dispatcher" daemon [_thread_blocked, id=17163, stack(0x0000700009957000,0x0000700009a57000)]
  0x00007fecc3008800 JavaThread "Finalizer" daemon [_thread_blocked, id=13315, stack(0x0000700009854000,0x0000700009954000)]
  0x00007fecc301e000 JavaThread "Reference Handler" daemon [_thread_blocked, id=19203, stack(0x0000700009751000,0x0000700009851000)]
  0x00007fecc3018000 JavaThread "main" [_thread_blocked, id=5891, stack(0x0000700008b2d000,0x0000700008c2d000)]

Other Threads:
  0x00007fecc4842000 VMThread [stack: 0x000070000964e000,0x000070000974e000] [id=19715]
  0x00007fecc583c800 WatcherThread [stack: 0x000070000a06c000,0x000070000a16c000] [id=42499]

VM state:not at safepoint (normal execution)

VM Mutex/Monitor currently owned by a thread: None

Heap
 PSYoungGen      total 76800K, used 7941K [0x00000007aaa80000, 0x00000007b0000000, 0x0000000800000000)
  eden space 66048K, 12% used [0x00000007aaa80000,0x00000007ab241400,0x00000007aeb00000)
  from space 10752K, 0% used [0x00000007af580000,0x00000007af580000,0x00000007b0000000)
  to   space 10752K, 0% used [0x00000007aeb00000,0x00000007aeb00000,0x00000007af580000)
 ParOldGen       total 174592K, used 0K [0x0000000700000000, 0x000000070aa80000, 0x00000007aaa80000)
  object space 174592K, 0% used [0x0000000700000000,0x0000000700000000,0x000000070aa80000)
 PSPermGen       total 21504K, used 4919K [0x00000006fae00000, 0x00000006fc300000, 0x0000000700000000)
  object space 21504K, 22% used [0x00000006fae00000,0x00000006fb2cdf80,0x00000006fc300000)

Card table byte_map: [0x0000000110876000,0x00000001110a0000] byte_map_base: 0x000000010d09f000

Polling page: 0x00000001106d0000

Code Cache  [0x0000000112e00000, 0x0000000113070000, 0x0000000115e00000)
 total_blobs=245 nmethods=20 adapters=188 free_code_cache=48722Kb largest_free_block=49875904

Compilation events (10 events):
Event: 0.332 Thread 0x00007fecc2817800 nmethod 15 0x0000000112e68e10 code [0x0000000112e68f40, 0x0000000112e68fb8]
Event: 0.335 Thread 0x00007fecc3009800 nmethod 6 0x0000000112e66850 code [0x0000000112e669c0, 0x0000000112e67208]
Event: 0.338 Thread 0x00007fecc2817800   17             java.lang.String::lastIndexOf (52 bytes)
Event: 0.339 Thread 0x00007fecc3009800   18             java.lang.String::equals (81 bytes)
Event: 0.339 Thread 0x00007fecc2817800 nmethod 17 0x0000000112e685d0 code [0x0000000112e68720, 0x0000000112e688d8]
Event: 0.341 Thread 0x00007fecc3009800 nmethod 18 0x0000000112e66050 code [0x0000000112e661a0, 0x0000000112e664b8]
Event: 0.347 Thread 0x00007fecc2817800   19             java.lang.String::charAt (29 bytes)
Event: 0.347 Thread 0x00007fecc2817800 nmethod 19 0x0000000112e6a550 code [0x0000000112e6a6a0, 0x0000000112e6a7b8]
Event: 0.362 Thread 0x00007fecc3009800   20             java.util.Properties$LineReader::readLine (452 bytes)
Event: 0.367 Thread 0x00007fecc3009800 nmethod 20 0x0000000112e6b0d0 code [0x0000000112e6b280, 0x0000000112e6b9e8]

GC Heap History (0 events):
No events

Deoptimization events (0 events):
No events

Internal exceptions (10 events):
Event: 0.340 Thread 0x00007fecc3018000 Threw 0x00000007ab0a8188 at /Users/java_re/workspace/7u-2-build-macosx-x86_64/jdk7u80/2329/hotspot/src/share/vm/prims/jvm.cpp:1319
Event: 0.342 Thread 0x00007fecc3018000 Threw 0x00000007ab0bce98 at /Users/java_re/workspace/7u-2-build-macosx-x86_64/jdk7u80/2329/hotspot/src/share/vm/prims/jvm.cpp:1319
Event: 0.342 Thread 0x00007fecc3018000 Threw 0x00000007ab0c2da8 at /Users/java_re/workspace/7u-2-build-macosx-x86_64/jdk7u80/2329/hotspot/src/share/vm/prims/jvm.cpp:1319
Event: 0.343 Thread 0x00007fecc3018000 Threw 0x00000007ab0c8fc0 at /Users/java_re/workspace/7u-2-build-macosx-x86_64/jdk7u80/2329/hotspot/src/share/vm/prims/jvm.cpp:1319
Event: 0.344 Thread 0x00007fecc3018000 Threw 0x00000007ab0d11c0 at /Users/java_re/workspace/7u-2-build-macosx-x86_64/jdk7u80/2329/hotspot/src/share/vm/prims/jvm.cpp:1319
Event: 0.344 Thread 0x00007fecc3018000 Threw 0x00000007ab0d8de0 at /Users/java_re/workspace/7u-2-build-macosx-x86_64/jdk7u80/2329/hotspot/src/share/vm/prims/jvm.cpp:1319
Event: 0.346 Thread 0x00007fecc3018000 Threw 0x00000007ab0df2f0 at /Users/java_re/workspace/7u-2-build-macosx-x86_64/jdk7u80/2329/hotspot/src/share/vm/prims/jvm.cpp:1319
Event: 0.347 Thread 0x00007fecc3018000 Threw 0x00000007ab0f33b0 at /Users/java_re/workspace/7u-2-build-macosx-x86_64/jdk7u80/2329/hotspot/src/share/vm/prims/jvm.cpp:1319
Event: 0.349 Thread 0x00007fecc3018000 Threw 0x00000007ab0f96a8 at /Users/java_re/workspace/7u-2-build-macosx-x86_64/jdk7u80/2329/hotspot/src/share/vm/prims/jvm.cpp:1319
Event: 0.349 Thread 0x00007fecc3018000 Threw 0x00000007ab103160 at /Users/java_re/workspace/7u-2-build-macosx-x86_64/jdk7u80/2329/hotspot/src/share/vm/prims/jvm.cpp:1319

Events (10 events):
Event: 46.672 Executing VM operation: GetOrSetLocal
Event: 46.672 Executing VM operation: GetOrSetLocal done
Event: 46.672 Executing VM operation: GetOrSetLocal
Event: 46.672 Executing VM operation: GetOrSetLocal done
Event: 46.673 Executing VM operation: GetOrSetLocal
Event: 46.673 Executing VM operation: GetOrSetLocal done
Event: 46.761 Executing VM operation: GetOrSetLocal
Event: 46.761 Executing VM operation: GetOrSetLocal done
Event: 46.761 Executing VM operation: GetOrSetLocal
Event: 46.761 Executing VM operation: GetOrSetLocal done


Dynamic libraries:
0x000000000b48f000 	/System/Library/Frameworks/Cocoa.framework/Versions/A/Cocoa
0x000000000b48f000 	/System/Library/Frameworks/Security.framework/Versions/A/Security
0x000000000b48f000 	/System/Library/Frameworks/ApplicationServices.framework/Versions/A/ApplicationServices
0x000000000b48f000 	/usr/lib/libz.1.dylib
0x000000000b48f000 	/usr/lib/libSystem.B.dylib
0x000000000b48f000 	/usr/lib/libobjc.A.dylib
0x000000000b48f000 	/System/Library/Frameworks/CoreFoundation.framework/Versions/A/CoreFoundation
0x000000000b48f000 	/System/Library/Frameworks/Foundation.framework/Versions/C/Foundation
0x000000000b48f000 	/System/Library/Frameworks/AppKit.framework/Versions/C/AppKit
0x000000000b48f000 	/System/Library/Frameworks/CoreData.framework/Versions/A/CoreData
0x000000000b48f000 	/System/Library/PrivateFrameworks/RemoteViewServices.framework/Versions/A/RemoteViewServices
0x000000000b48f000 	/System/Library/PrivateFrameworks/UIFoundation.framework/Versions/A/UIFoundation
0x000000000b48f000 	/System/Library/PrivateFrameworks/DFRFoundation.framework/Versions/A/DFRFoundation
0x000000000b48f000 	/System/Library/Frameworks/Metal.framework/Versions/A/Metal
0x000000000b48f000 	/System/Library/PrivateFrameworks/DesktopServicesPriv.framework/Versions/A/DesktopServicesPriv
0x000000000b48f000 	/usr/lib/libenergytrace.dylib
0x000000000b48f000 	/System/Library/PrivateFrameworks/SkyLight.framework/Versions/A/SkyLight
0x000000000b48f000 	/System/Library/Frameworks/CoreGraphics.framework/Versions/A/CoreGraphics
0x000000000b48f000 	/usr/lib/libScreenReader.dylib
0x000000000b48f000 	/System/Library/Frameworks/Accelerate.framework/Versions/A/Accelerate
0x000000000b48f000 	/System/Library/Frameworks/IOSurface.framework/Versions/A/IOSurface
0x000000000b48f000 	/System/Library/Frameworks/AudioToolbox.framework/Versions/A/AudioToolbox
0x000000000b48f000 	/System/Library/Frameworks/AudioUnit.framework/Versions/A/AudioUnit
0x000000000b48f000 	/System/Library/PrivateFrameworks/DataDetectorsCore.framework/Versions/A/DataDetectorsCore
0x000000000b48f000 	/System/Library/Frameworks/Carbon.framework/Versions/A/Frameworks/HIToolbox.framework/Versions/A/HIToolbox
0x000000000b48f000 	/usr/lib/libicucore.A.dylib
0x000000000b48f000 	/System/Library/Frameworks/QuartzCore.framework/Versions/A/QuartzCore
0x000000000b48f000 	/System/Library/PrivateFrameworks/SignpostNotification.framework/Versions/A/SignpostNotification
0x000000000b48f000 	/System/Library/Frameworks/Carbon.framework/Versions/A/Frameworks/SpeechRecognition.framework/Versions/A/SpeechRecognition
0x000000000b48f000 	/usr/lib/libauto.dylib
0x000000000b48f000 	/usr/lib/libxml2.2.dylib
0x000000000b48f000 	/System/Library/PrivateFrameworks/CoreUI.framework/Versions/A/CoreUI
0x000000000b48f000 	/System/Library/Frameworks/CoreAudio.framework/Versions/A/CoreAudio
0x000000000b48f000 	/System/Library/Frameworks/DiskArbitration.framework/Versions/A/DiskArbitration
0x000000000b48f000 	/usr/lib/liblangid.dylib
0x000000000b48f000 	/System/Library/PrivateFrameworks/MultitouchSupport.framework/Versions/A/MultitouchSupport
0x000000000b48f000 	/System/Library/Frameworks/IOKit.framework/Versions/A/IOKit
0x000000000b48f000 	/usr/lib/libDiagnosticMessagesClient.dylib
0x000000000b48f000 	/System/Library/Frameworks/CoreServices.framework/Versions/A/CoreServices
0x000000000b48f000 	/System/Library/PrivateFrameworks/PerformanceAnalysis.framework/Versions/A/PerformanceAnalysis
0x000000000b48f000 	/System/Library/Frameworks/OpenGL.framework/Versions/A/OpenGL
0x000000000b48f000 	/System/Library/Frameworks/ColorSync.framework/Versions/A/ColorSync
0x000000000b48f000 	/System/Library/Frameworks/CoreImage.framework/Versions/A/CoreImage
0x000000000b48f000 	/System/Library/Frameworks/CoreText.framework/Versions/A/CoreText
0x000000000b48f000 	/System/Library/Frameworks/ImageIO.framework/Versions/A/ImageIO
0x000000000b48f000 	/System/Library/PrivateFrameworks/Backup.framework/Versions/A/Backup
0x000000000b48f000 	/usr/lib/libarchive.2.dylib
0x000000000b48f000 	/System/Library/Frameworks/CFNetwork.framework/Versions/A/CFNetwork
0x000000000b48f000 	/System/Library/Frameworks/SystemConfiguration.framework/Versions/A/SystemConfiguration
0x000000000b48f000 	/usr/lib/libCRFSuite.dylib
0x000000000b48f000 	/usr/lib/libc++.1.dylib
0x000000000b48f000 	/usr/lib/libc++abi.dylib
0x000000000b48f000 	/usr/lib/system/libcache.dylib
0x000000000b48f000 	/usr/lib/system/libcommonCrypto.dylib
0x000000000b48f000 	/usr/lib/system/libcompiler_rt.dylib
0x000000000b48f000 	/usr/lib/system/libcopyfile.dylib
0x000000000b48f000 	/usr/lib/system/libcorecrypto.dylib
0x000000000b48f000 	/usr/lib/system/libdispatch.dylib
0x000000000b48f000 	/usr/lib/system/libdyld.dylib
0x000000000b48f000 	/usr/lib/system/libkeymgr.dylib
0x000000000b48f000 	/usr/lib/system/liblaunch.dylib
0x000000000b48f000 	/usr/lib/system/libmacho.dylib
0x000000000b48f000 	/usr/lib/system/libquarantine.dylib
0x000000000b48f000 	/usr/lib/system/libremovefile.dylib
0x000000000b48f000 	/usr/lib/system/libsystem_asl.dylib
0x000000000b48f000 	/usr/lib/system/libsystem_blocks.dylib
0x000000000b48f000 	/usr/lib/system/libsystem_c.dylib
0x000000000b48f000 	/usr/lib/system/libsystem_configuration.dylib
0x000000000b48f000 	/usr/lib/system/libsystem_coreservices.dylib
0x000000000b48f000 	/usr/lib/system/libsystem_darwin.dylib
0x000000000b48f000 	/usr/lib/system/libsystem_dnssd.dylib
0x000000000b48f000 	/usr/lib/system/libsystem_info.dylib
0x000000000b48f000 	/usr/lib/system/libsystem_m.dylib
0x000000000b48f000 	/usr/lib/system/libsystem_malloc.dylib
0x000000000b48f000 	/usr/lib/system/libsystem_network.dylib
0x000000000b48f000 	/usr/lib/system/libsystem_networkextension.dylib
0x000000000b48f000 	/usr/lib/system/libsystem_notify.dylib
0x000000000b48f000 	/usr/lib/system/libsystem_sandbox.dylib
0x000000000b48f000 	/usr/lib/system/libsystem_secinit.dylib
0x000000000b48f000 	/usr/lib/system/libsystem_kernel.dylib
0x000000000b48f000 	/usr/lib/system/libsystem_platform.dylib
0x000000000b48f000 	/usr/lib/system/libsystem_pthread.dylib
0x000000000b48f000 	/usr/lib/system/libsystem_symptoms.dylib
0x000000000b48f000 	/usr/lib/system/libsystem_trace.dylib
0x000000000b48f000 	/usr/lib/system/libunwind.dylib
0x000000000b48f000 	/usr/lib/system/libxpc.dylib
0x000000000b48f000 	/usr/lib/closure/libclosured.dylib
0x000000000b48f000 	/usr/lib/libbsm.0.dylib
0x000000000b48f000 	/usr/lib/system/libkxld.dylib
0x000000000b48f000 	/usr/lib/libOpenScriptingUtil.dylib
0x000000000b48f000 	/usr/lib/libcoretls.dylib
0x000000000b48f000 	/usr/lib/libcoretls_cfhelpers.dylib
0x000000000b48f000 	/usr/lib/libpam.2.dylib
0x000000000b48f000 	/usr/lib/libsqlite3.dylib
0x000000000b48f000 	/usr/lib/libxar.1.dylib
0x000000000b48f000 	/usr/lib/libbz2.1.0.dylib
0x000000000b48f000 	/usr/lib/liblzma.5.dylib
0x000000000b48f000 	/usr/lib/libnetwork.dylib
0x000000000b48f000 	/usr/lib/libapple_nghttp2.dylib
0x000000000b48f000 	/usr/lib/libpcap.A.dylib
0x000000000b48f000 	/usr/lib/libboringssl.dylib
0x000000000b48f000 	/usr/lib/libusrtcp.dylib
0x000000000b48f000 	/usr/lib/libapple_crypto.dylib
0x000000000b48f000 	/System/Library/Frameworks/CoreServices.framework/Versions/A/Frameworks/FSEvents.framework/Versions/A/FSEvents
0x000000000b48f000 	/System/Library/Frameworks/CoreServices.framework/Versions/A/Frameworks/CarbonCore.framework/Versions/A/CarbonCore
0x000000000b48f000 	/System/Library/Frameworks/CoreServices.framework/Versions/A/Frameworks/Metadata.framework/Versions/A/Metadata
0x000000000b48f000 	/System/Library/Frameworks/CoreServices.framework/Versions/A/Frameworks/OSServices.framework/Versions/A/OSServices
0x000000000b48f000 	/System/Library/Frameworks/CoreServices.framework/Versions/A/Frameworks/SearchKit.framework/Versions/A/SearchKit
0x000000000b48f000 	/System/Library/Frameworks/CoreServices.framework/Versions/A/Frameworks/AE.framework/Versions/A/AE
0x000000000b48f000 	/System/Library/Frameworks/CoreServices.framework/Versions/A/Frameworks/LaunchServices.framework/Versions/A/LaunchServices
0x000000000b48f000 	/System/Library/Frameworks/CoreServices.framework/Versions/A/Frameworks/DictionaryServices.framework/Versions/A/DictionaryServices
0x000000000b48f000 	/System/Library/Frameworks/CoreServices.framework/Versions/A/Frameworks/SharedFileList.framework/Versions/A/SharedFileList
0x000000000b48f000 	/System/Library/Frameworks/NetFS.framework/Versions/A/NetFS
0x000000000b48f000 	/System/Library/PrivateFrameworks/NetAuth.framework/Versions/A/NetAuth
0x000000000b48f000 	/System/Library/PrivateFrameworks/login.framework/Versions/A/Frameworks/loginsupport.framework/Versions/A/loginsupport
0x000000000b48f000 	/System/Library/PrivateFrameworks/TCC.framework/Versions/A/TCC
0x000000000b48f000 	/usr/lib/libmecabra.dylib
0x000000000b48f000 	/System/Library/Frameworks/ApplicationServices.framework/Versions/A/Frameworks/ATS.framework/Versions/A/ATS
0x000000000b48f000 	/System/Library/Frameworks/ApplicationServices.framework/Versions/A/Frameworks/ColorSyncLegacy.framework/Versions/A/ColorSyncLegacy
0x000000000b48f000 	/System/Library/Frameworks/ApplicationServices.framework/Versions/A/Frameworks/HIServices.framework/Versions/A/HIServices
0x000000000b48f000 	/System/Library/Frameworks/ApplicationServices.framework/Versions/A/Frameworks/LangAnalysis.framework/Versions/A/LangAnalysis
0x000000000b48f000 	/System/Library/Frameworks/ApplicationServices.framework/Versions/A/Frameworks/PrintCore.framework/Versions/A/PrintCore
0x000000000b48f000 	/System/Library/Frameworks/ApplicationServices.framework/Versions/A/Frameworks/QD.framework/Versions/A/QD
0x000000000b48f000 	/System/Library/Frameworks/ApplicationServices.framework/Versions/A/Frameworks/SpeechSynthesis.framework/Versions/A/SpeechSynthesis
0x000000000b48f000 	/System/Library/Frameworks/CoreDisplay.framework/Versions/A/CoreDisplay
0x000000000b48f000 	/System/Library/Frameworks/Accelerate.framework/Versions/A/Frameworks/vImage.framework/Versions/A/vImage
0x000000000b48f000 	/System/Library/Frameworks/Accelerate.framework/Versions/A/Frameworks/vecLib.framework/Versions/A/vecLib
0x000000000b48f000 	/System/Library/Frameworks/Accelerate.framework/Versions/A/Frameworks/vecLib.framework/Versions/A/libvDSP.dylib
0x000000000b48f000 	/System/Library/Frameworks/Accelerate.framework/Versions/A/Frameworks/vecLib.framework/Versions/A/libBNNS.dylib
0x000000000b48f000 	/System/Library/Frameworks/Accelerate.framework/Versions/A/Frameworks/vecLib.framework/Versions/A/libQuadrature.dylib
0x000000000b48f000 	/System/Library/Frameworks/Accelerate.framework/Versions/A/Frameworks/vecLib.framework/Versions/A/libvMisc.dylib
0x000000000b48f000 	/System/Library/Frameworks/Accelerate.framework/Versions/A/Frameworks/vecLib.framework/Versions/A/libLAPACK.dylib
0x000000000b48f000 	/System/Library/Frameworks/Accelerate.framework/Versions/A/Frameworks/vecLib.framework/Versions/A/libBLAS.dylib
0x000000000b48f000 	/System/Library/Frameworks/Accelerate.framework/Versions/A/Frameworks/vecLib.framework/Versions/A/libLinearAlgebra.dylib
0x000000000b48f000 	/System/Library/Frameworks/Accelerate.framework/Versions/A/Frameworks/vecLib.framework/Versions/A/libSparse.dylib
0x000000000b48f000 	/System/Library/Frameworks/Accelerate.framework/Versions/A/Frameworks/vecLib.framework/Versions/A/libSparseBLAS.dylib
0x000000000b48f000 	/System/Library/PrivateFrameworks/GPUWrangler.framework/Versions/A/GPUWrangler
0x000000000b48f000 	/System/Library/PrivateFrameworks/IOAccelerator.framework/Versions/A/IOAccelerator
0x000000000b48f000 	/System/Library/PrivateFrameworks/IOPresentment.framework/Versions/A/IOPresentment
0x000000000b48f000 	/System/Library/PrivateFrameworks/DSExternalDisplay.framework/Versions/A/DSExternalDisplay
0x000000000b48f000 	/System/Library/Frameworks/OpenGL.framework/Versions/A/Libraries/libCoreFSCache.dylib
0x000000000b48f000 	/System/Library/Frameworks/CoreVideo.framework/Versions/A/CoreVideo
0x000000000b48f000 	/System/Library/PrivateFrameworks/GraphVisualizer.framework/Versions/A/GraphVisualizer
0x000000000b48f000 	/System/Library/Frameworks/MetalPerformanceShaders.framework/Versions/A/MetalPerformanceShaders
0x000000000b48f000 	/usr/lib/libFosl_dynamic.dylib
0x000000000b48f000 	/System/Library/PrivateFrameworks/FaceCore.framework/Versions/A/FaceCore
0x000000000b48f000 	/System/Library/Frameworks/OpenCL.framework/Versions/A/OpenCL
0x000000000b48f000 	/usr/lib/libcompression.dylib
0x000000000b48f000 	/System/Library/Frameworks/ApplicationServices.framework/Versions/A/Frameworks/ATS.framework/Versions/A/Resources/libFontParser.dylib
0x000000000b48f000 	/System/Library/Frameworks/ApplicationServices.framework/Versions/A/Frameworks/ATS.framework/Versions/A/Resources/libFontRegistry.dylib
0x000000000b48f000 	/System/Library/Frameworks/ImageIO.framework/Versions/A/Resources/libJPEG.dylib
0x000000000b48f000 	/System/Library/Frameworks/ImageIO.framework/Versions/A/Resources/libTIFF.dylib
0x000000000b48f000 	/System/Library/Frameworks/ImageIO.framework/Versions/A/Resources/libPng.dylib
0x000000000b48f000 	/System/Library/Frameworks/ImageIO.framework/Versions/A/Resources/libGIF.dylib
0x000000000b48f000 	/System/Library/Frameworks/ImageIO.framework/Versions/A/Resources/libJP2.dylib
0x000000000b48f000 	/System/Library/Frameworks/ImageIO.framework/Versions/A/Resources/libRadiance.dylib
0x000000000b48f000 	/System/Library/PrivateFrameworks/AppleJPEG.framework/Versions/A/AppleJPEG
0x000000000b48f000 	/System/Library/Frameworks/MetalPerformanceShaders.framework/Frameworks/MPSCore.framework/Versions/A/MPSCore
0x000000000b48f000 	/System/Library/Frameworks/MetalPerformanceShaders.framework/Frameworks/MPSImage.framework/Versions/A/MPSImage
0x000000000b48f000 	/System/Library/Frameworks/MetalPerformanceShaders.framework/Frameworks/MPSNeuralNetwork.framework/Versions/A/MPSNeuralNetwork
0x000000000b48f000 	/System/Library/Frameworks/MetalPerformanceShaders.framework/Frameworks/MPSMatrix.framework/Versions/A/MPSMatrix
0x000000000b48f000 	/System/Library/PrivateFrameworks/MetalTools.framework/Versions/A/MetalTools
0x000000000b48f000 	/System/Library/Frameworks/OpenGL.framework/Versions/A/Libraries/libGLU.dylib
0x000000000b48f000 	/System/Library/Frameworks/OpenGL.framework/Versions/A/Libraries/libGFXShared.dylib
0x000000000b48f000 	/System/Library/Frameworks/OpenGL.framework/Versions/A/Libraries/libGL.dylib
0x000000000b48f000 	/System/Library/Frameworks/OpenGL.framework/Versions/A/Libraries/libGLImage.dylib
0x000000000b48f000 	/System/Library/Frameworks/OpenGL.framework/Versions/A/Libraries/libCVMSPluginSupport.dylib
0x000000000b48f000 	/System/Library/Frameworks/OpenGL.framework/Versions/A/Libraries/libCoreVMClient.dylib
0x000000000b48f000 	/usr/lib/libcups.2.dylib
0x000000000b48f000 	/System/Library/Frameworks/Kerberos.framework/Versions/A/Kerberos
0x000000000b48f000 	/System/Library/Frameworks/GSS.framework/Versions/A/GSS
0x000000000b48f000 	/usr/lib/libresolv.9.dylib
0x000000000b48f000 	/usr/lib/libiconv.2.dylib
0x000000000b48f000 	/System/Library/PrivateFrameworks/Heimdal.framework/Versions/A/Heimdal
0x000000000b48f000 	/usr/lib/libheimdal-asn1.dylib
0x000000000b48f000 	/System/Library/Frameworks/OpenDirectory.framework/Versions/A/OpenDirectory
0x000000000b48f000 	/System/Library/PrivateFrameworks/CommonAuth.framework/Versions/A/CommonAuth
0x000000000b48f000 	/System/Library/Frameworks/OpenDirectory.framework/Versions/A/Frameworks/CFOpenDirectory.framework/Versions/A/CFOpenDirectory
0x000000000b48f000 	/System/Library/Frameworks/SecurityFoundation.framework/Versions/A/SecurityFoundation
0x000000000b48f000 	/System/Library/PrivateFrameworks/APFS.framework/Versions/A/APFS
0x000000000b48f000 	/usr/lib/libutil.dylib
0x000000000b48f000 	/System/Library/PrivateFrameworks/AppleSauce.framework/Versions/A/AppleSauce
0x000000000b48f000 	/System/Library/PrivateFrameworks/LinguisticData.framework/Versions/A/LinguisticData
0x000000000b48f000 	/usr/lib/libmarisa.dylib
0x000000000b48f000 	/System/Library/PrivateFrameworks/Lexicon.framework/Versions/A/Lexicon
0x000000000b48f000 	/usr/lib/libChineseTokenizer.dylib
0x000000000b48f000 	/usr/lib/libcmph.dylib
0x000000000b48f000 	/System/Library/PrivateFrameworks/LanguageModeling.framework/Versions/A/LanguageModeling
0x000000000b48f000 	/System/Library/PrivateFrameworks/CoreEmoji.framework/Versions/A/CoreEmoji
0x000000000b48f000 	/System/Library/Frameworks/ServiceManagement.framework/Versions/A/ServiceManagement
0x000000000b48f000 	/System/Library/PrivateFrameworks/BackgroundTaskManagement.framework/Versions/A/BackgroundTaskManagement
0x000000000b48f000 	/usr/lib/libxslt.1.dylib
0x000000000b48f000 	/System/Library/Frameworks/Carbon.framework/Versions/A/Frameworks/Ink.framework/Versions/A/Ink
0x000000000b48f000 	/System/Library/PrivateFrameworks/TextureIO.framework/Versions/A/TextureIO
0x000000000b48f000 	/usr/lib/libate.dylib
0x000000000b48f000 	/System/Library/PrivateFrameworks/CrashReporterSupport.framework/Versions/A/CrashReporterSupport
0x000000000b48f000 	/System/Library/PrivateFrameworks/Sharing.framework/Versions/A/Sharing
0x000000000b48f000 	/System/Library/PrivateFrameworks/IconServices.framework/Versions/A/IconServices
0x000000000b48f000 	/System/Library/PrivateFrameworks/AuthKit.framework/Versions/A/AuthKit
0x000000000b48f000 	/System/Library/PrivateFrameworks/Apple80211.framework/Versions/A/Apple80211
0x000000000b48f000 	/System/Library/PrivateFrameworks/CoreUtils.framework/Versions/A/CoreUtils
0x000000000b48f000 	/System/Library/Frameworks/CoreWLAN.framework/Versions/A/CoreWLAN
0x000000000b48f000 	/System/Library/Frameworks/IOBluetooth.framework/Versions/A/IOBluetooth
0x000000000b48f000 	/System/Library/PrivateFrameworks/ProtocolBuffer.framework/Versions/A/ProtocolBuffer
0x000000000b48f000 	/System/Library/PrivateFrameworks/MobileKeyBag.framework/Versions/A/MobileKeyBag
0x000000000b48f000 	/System/Library/PrivateFrameworks/CorePhoneNumbers.framework/Versions/A/CorePhoneNumbers
0x000000000b48f000 	/System/Library/PrivateFrameworks/AppleIDAuthSupport.framework/Versions/A/AppleIDAuthSupport
0x000000000b48f000 	/System/Library/PrivateFrameworks/KeychainCircle.framework/Versions/A/KeychainCircle
0x000000000b48f000 	/System/Library/PrivateFrameworks/CoreWiFi.framework/Versions/A/CoreWiFi
0x000000000b48f000 	/System/Library/Frameworks/CoreBluetooth.framework/Versions/A/CoreBluetooth
0x000000000b48f000 	/System/Library/PrivateFrameworks/DebugSymbols.framework/Versions/A/DebugSymbols
0x000000000b48f000 	/System/Library/PrivateFrameworks/CoreSymbolication.framework/Versions/A/CoreSymbolication
0x000000000b48f000 	/System/Library/PrivateFrameworks/Symbolication.framework/Versions/A/Symbolication
0x000000000b48f000 	/System/Library/PrivateFrameworks/AppleFSCompression.framework/Versions/A/AppleFSCompression
0x000000000b48f000 	/System/Library/PrivateFrameworks/SpeechRecognitionCore.framework/Versions/A/SpeechRecognitionCore
0x000000000b48f000 	/System/Library/CoreServices/Encodings/libSimplifiedChineseConverter.dylib
0x000000010fc2e000 	/Library/Java/JavaVirtualMachines/jdk1.7.0_80.jdk/Contents/Home/jre/lib/server/libjvm.dylib
0x000000000b48f000 	/usr/lib/libstdc++.6.0.9.dylib
0x0000000110693000 	/Library/Java/JavaVirtualMachines/jdk1.7.0_80.jdk/Contents/Home/jre/lib/libverify.dylib
0x00000001106a0000 	/Library/Java/JavaVirtualMachines/jdk1.7.0_80.jdk/Contents/Home/jre/lib/libjava.dylib
0x00000001106d1000 	/Library/Java/JavaVirtualMachines/jdk1.7.0_80.jdk/Contents/Home/jre/lib/libjdwp.dylib
0x000000011070e000 	/Library/Java/JavaVirtualMachines/jdk1.7.0_80.jdk/Contents/Home/jre/lib/libnpt.dylib
0x0000000110712000 	/Library/Java/JavaVirtualMachines/jdk1.7.0_80.jdk/Contents/Home/jre/lib/libinstrument.dylib
0x00000001107ad000 	/Library/Java/JavaVirtualMachines/jdk1.7.0_80.jdk/Contents/Home/jre/lib/libzip.dylib
0x000000000b48f000 	/System/Library/Frameworks/JavaVM.framework/Versions/A/Frameworks/JavaRuntimeSupport.framework/Versions/A/JavaRuntimeSupport
0x000000000b48f000 	/System/Library/Frameworks/JavaVM.framework/Versions/A/Frameworks/JavaNativeFoundation.framework/Versions/A/JavaNativeFoundation
0x000000000b48f000 	/System/Library/Frameworks/JavaVM.framework/Versions/A/JavaVM
0x000000000b48f000 	/System/Library/Frameworks/Carbon.framework/Versions/A/Carbon
0x000000000b48f000 	/System/Library/PrivateFrameworks/JavaLaunching.framework/Versions/A/JavaLaunching
0x000000000b48f000 	/System/Library/Frameworks/Carbon.framework/Versions/A/Frameworks/CommonPanels.framework/Versions/A/CommonPanels
0x000000000b48f000 	/System/Library/Frameworks/Carbon.framework/Versions/A/Frameworks/Help.framework/Versions/A/Help
0x000000000b48f000 	/System/Library/Frameworks/Carbon.framework/Versions/A/Frameworks/ImageCapture.framework/Versions/A/ImageCapture
0x000000000b48f000 	/System/Library/Frameworks/Carbon.framework/Versions/A/Frameworks/OpenScripting.framework/Versions/A/OpenScripting
0x000000000b48f000 	/System/Library/Frameworks/Carbon.framework/Versions/A/Frameworks/Print.framework/Versions/A/Print
0x000000000b48f000 	/System/Library/Frameworks/Carbon.framework/Versions/A/Frameworks/SecurityHI.framework/Versions/A/SecurityHI
0x00000001115f4000 	/Library/Java/JavaVirtualMachines/jdk1.7.0_80.jdk/Contents/Home/jre/lib/libdt_socket.dylib
0x0000000122a40000 	/Library/Java/JavaVirtualMachines/jdk1.7.0_80.jdk/Contents/Home/jre/lib/libnet.dylib

VM Arguments:
jvm_args: -agentlib:jdwp=transport=dt_socket,suspend=y,address=localhost:52252 -javaagent:/Applications/Eclipse.app/Contents/Eclipse/configuration/org.eclipse.osgi/411/0/.cp/lib/javaagent-shaded.jar -Dfile.encoding=UTF-8 
java_command: serverMaxConn.Client
Launcher Type: SUN_STANDARD

Environment Variables:
PATH=/usr/bin:/bin:/usr/sbin:/sbin
SHELL=/bin/bash

Signal Handlers:
SIGSEGV: [libjvm.dylib+0x52e8c9], sa_mask[0]=0xfffefeff, sa_flags=0x00000043
SIGBUS: [libjvm.dylib+0x52e8c9], sa_mask[0]=0xfffefeff, sa_flags=0x00000042
SIGFPE: [libjvm.dylib+0x42022e], sa_mask[0]=0xfffefeff, sa_flags=0x00000042
SIGPIPE: [libjvm.dylib+0x42022e], sa_mask[0]=0xfffefeff, sa_flags=0x00000042
SIGXFSZ: [libjvm.dylib+0x42022e], sa_mask[0]=0xfffefeff, sa_flags=0x00000042
SIGILL: [libjvm.dylib+0x42022e], sa_mask[0]=0xfffefeff, sa_flags=0x00000042
SIGUSR1: SIG_DFL, sa_mask[0]=0x00000000, sa_flags=0x00000000
SIGUSR2: [libjvm.dylib+0x41fd20], sa_mask[0]=0x00000004, sa_flags=0x00000042
SIGHUP: [libjvm.dylib+0x41dfd5], sa_mask[0]=0xfffefeff, sa_flags=0x00000042
SIGINT: [libjvm.dylib+0x41dfd5], sa_mask[0]=0xfffefeff, sa_flags=0x00000042
SIGTERM: [libjvm.dylib+0x41dfd5], sa_mask[0]=0xfffefeff, sa_flags=0x00000042
SIGQUIT: [libjvm.dylib+0x41dfd5], sa_mask[0]=0xfffefeff, sa_flags=0x00000042


---------------  S Y S T E M  ---------------

OS:Bsduname:Darwin 17.7.0 Darwin Kernel Version 17.7.0: Thu Jun 21 22:59:54 PDT 2018; root:xnu-4570.71.2~2/RELEASE_X86_64 x86_64
rlimit: STACK 8192k, CORE 0k, NPROC 1418, NOFILE 10240, AS infinity
load average:1.41 1.68 1.72

CPU:total 12 (6 cores per cpu, 2 threads per core) family 6 model 158 stepping 10, cmov, cx8, fxsr, mmx, sse, sse2, sse3, ssse3, sse4.1, sse4.2, popcnt, avx, avx2, aes, erms, ht, tsc, tscinvbit

Memory: 4k page, physical 16777216k(4194304k free)

/proc/meminfo:


vm_info: Java HotSpot(TM) 64-Bit Server VM (24.80-b11) for bsd-amd64 JRE (1.7.0_80-b15), built on Apr 10 2015 11:25:43 by "java_re" with gcc 4.2.1 (Based on Apple Inc. build 5658) (LLVM build 2336.11.00)

time: Wed Jan 30 13:58:22 2019
elapsed time: 46 seconds

